Linha: 21 - Campo Status com valor inválido 'inválido'
Linha: 36 - Campo Status com valor inválido 'inválido'
Linha: 51 - Campo Status com valor inválido 'inválido'
Linha: 55 - Campo Status com valor inválido 'inválido'
Linha: 56 - Campo Status com valor inválido 'inválido'
Linha: 57 - Campo Status com valor inválido 'inválido'
Linha: 58 - Campo Status com valor inválido 'inválido'
Linha: 59 - Campo Status com valor inválido 'inválido'
Linha: 60 - Campo Status com valor inválido 'inválido'
Linha: 61 - Campo Status com valor inválido 'inválido'
Linha: 62 - Campo Status com valor inválido 'inválido'
Linha: 81 - Campo Status com valor inválido 'inválido'
Linha: 98 - Pid com nome repetido Prefeitura Municipal de Icapuí cadastrado como: Prefeitura Municipal de Icapuí 0
Linha: 100 - Pid com nome repetido STDS/CRAS -Tauá cadastrado como: STDS/CRAS -Tauá 1
Linha: 105 - Campo Status com valor inválido 'inválido'
Linha: 132 - Data ou Data da Adesão inválida '01/09//14' usando data em branco
Linha: 133 - Campo Status com valor inválido 'inválido'
Linha: 134 - Campo Status com valor inválido 'inválido'
Linha: 135 - Campo Status com valor inválido 'inválido'
Linha: 142 - Campo Tipo Telecentro com valor inválido 'Ponto Cultura'
Linha: 143 - Campo Tipo Telecentro com valor inválido 'Ponto Cultura'
Linha: 147 - Campo Status com valor inválido 'inválido'
Linha: 157 - Campo Status com valor inválido 'inválido'
Linha: 165 - Campo Status com valor inválido 'inválido'
Linha: 180 - Pid com nome repetido Prefeitura Municipal de Miranorte – Pioneiros Mirins cadastrado como: Prefeitura Municipal de Miranorte – Pioneiros Mirins 2
Linha: 182 - Campo Status com valor inválido 'inválido'
Linha: 189 - Campo Status com valor inválido 'inválido'
Linha: 192 - Campo Tipo Telecentro com valor inválido 'Ponto Cultura'
Linha: 197 - Data ou Data da Adesão inválida '07/2007' usando data em branco
Linha: 207 - Campo Status com valor inválido 'inválido'
Linha: 213 - Campo Status com valor inválido 'inválido'
Linha: 215 - Campo Status com valor inválido 'inválido'
Linha: 217 - Campo Status com valor inválido 'inválido'
Linha: 221 - Campo Status com valor inválido 'inválido'
Linha: 225 - Campo Status com valor inválido 'inválido'
Linha: 229 - Campo Status com valor inválido 'inválido'
Linha: 230 - Campo Status com valor inválido 'inválido'
Linha: 231 - Campo Status com valor inválido 'inválido'
Linha: 232 - Campo Status com valor inválido 'inválido'
Linha: 233 - Campo Status com valor inválido 'inválido'
Linha: 234 - Campo Status com valor inválido 'inválido'
Linha: 235 - Campo Status com valor inválido 'inválido'
Linha: 236 - Campo Status com valor inválido 'inválido'
Linha: 240 - Campo Status com valor inválido 'inválido'
Linha: 241 - Campo Status com valor inválido 'inválido'
Linha: 242 - Campo Status com valor inválido 'inválido'
Linha: 243 - Campo Tipo Telecentro com valor inválido 'Ponto Cultura'
Linha: 246 - Campo Tipo Telecentro com valor inválido 'Ponto Cultura'
Linha: 247 - Campo Status com valor inválido 'inválido'
Linha: 248 - Campo Tipo Telecentro com valor inválido 'Ponto Cultura'
Linha: 252 - Campo Status com valor inválido 'inválido'
Linha: 253 - Campo Status com valor inválido 'inválido'
Linha: 254 - Campo Status com valor inválido 'inválido'
Linha: 255 - Campo Status com valor inválido 'inválido'
Linha: 256 - Campo Status com valor inválido 'inválido'
Linha: 265 - Campo Status com valor inválido 'inválido'
Linha: 266 - Campo Status com valor inválido 'inválido'
Linha: 267 - Campo Tipo Telecentro com valor inválido 'Ponto Cultura'
Linha: 270 - Campo Tipo Telecentro com valor inválido 'Ponto Cultura'
Linha: 275 - Pid com nome repetido Casa de Passagem cadastrado como: Casa de Passagem 3
Linha: 276 - Pid com nome repetido Casa de Passagem cadastrado como: Casa de Passagem 4
Linha: 277 - Pid com nome repetido Casa de Passagem cadastrado como: Casa de Passagem 5
Linha: 278 - Pid com nome repetido Casa de Passagem cadastrado como: Casa de Passagem 6
